[20:24:41] [INIT] KubeJS 2001.6.5-build.16; MC 2001 forge
[20:24:41] [INIT] Loaded plugins:
[20:24:41] [INIT] - dev.latvian.mods.kubejs.forge.BuiltinKubeJSForgePlugin
[20:24:41] [INIT] - net.threetag.palladium.compat.kubejs.PalladiumKubeJSPlugin
[20:24:41] [INIT] - dev.latvian.mods.kubejs.create.KubeJSCreatePlugin
[20:24:43] [INFO] example.js#5: Hello, World! (Loaded server scripts)
[20:24:43] [INFO] Loaded script server_scripts:example.js in 0.0 s
[20:24:43] [INFO] Loaded script addonpack_alienevo:kubejs_scripts/level_command.js in 0.001 s
[20:24:43] [INFO] Loaded script addonpack_alienevo:kubejs_scripts/workbench_items.js in 0.001 s
[20:24:43] [INFO] Loaded script addonpack_alienevo:kubejs_scripts/workbench.js in 0.029 s
[20:24:43] [INFO] Loaded script addonpack_alienevo:kubejs_scripts/playlist_command.js in 0.006 s
[20:24:43] [INFO] Loaded script addonpack_alienevo:kubejs_scripts/hit.js in 0.002 s
[20:24:43] [INFO] Loaded script addonpack_alienevo:kubejs_scripts/break_block.js in 0.001 s
[20:24:43] [INFO] Loaded script addonpack_alienevo:kubejs_scripts/code_hints.js in 0.002 s
[20:24:43] [INFO] Loaded script addonpack_alienevo:kubejs_scripts/alien_death.js in 0.0 s
[20:24:43] [INFO] Loaded script addonpack_alienevo:kubejs_scripts/palladium_properties.js in 0.0 s
[20:24:43] [INFO] Loaded script addonpack_alienevo:kubejs_scripts/pod_loot.js in 0.004 s
[20:24:43] [INFO] Loaded script addonpack_alienevo:kubejs_scripts/xp.js in 0.001 s
[20:24:43] [INFO] Loaded script addonpack_alienevo:kubejs_scripts/failsafe.js in 0.003 s
[20:24:43] [INFO] Loaded script addonpack_alienevo:kubejs_scripts/nbt_omnitrix.js in 0.0 s
[20:24:43] [INFO] Loaded script addonpack_alienevo:kubejs_scripts/flammable_block.js in 0.0 s
[20:24:43] [INFO] Loaded script addonpack_alienevo:kubejs_scripts/quick_change.js in 0.006 s
[20:24:43] [INFO] Loaded 16/16 KubeJS server scripts in 0.078 s with 0 errors and 0 warnings
[20:24:43] [INFO] Scripts loaded
[20:24:46] [INFO] [minecraft:block] Found 846 tags, added 9 objects, removed 0 objects
[20:24:46] [INFO] [minecraft:item] Found 1695 tags, added 3 objects, removed 0 objects
[20:24:58] [INFO] Server resource reload complete!
